2020-09-24T17:50:46.692Z [warn] WARNING: {{capitalize}} was not converted as it has positional parameters which can't be automatically converted. Source: app/templates/partials/form-field-from-model.hbs
2020-09-24T17:50:46.730Z [warn] WARNING: {{linked-block}} was not converted as it has positional parameters which can't be automatically converted. Source: app/templates/partials/secret-list/item.hbs
2020-09-24T17:50:47.078Z [warn] WARNING: {{uppercase}} was not converted as it has positional parameters which can't be automatically converted. Source: app/templates/vault/cluster/policies/index.hbs
2020-09-24T17:50:46.701Z [warn] WARNING: {{eq}} was not converted as it has positional parameters which can't be automatically converted. Source: app/templates/partials/form-field-from-model.hbs
2020-09-24T17:50:46.701Z [warn] WARNING: {{or}} was not converted as it has positional parameters which can't be automatically converted. Source: app/templates/partials/form-field-from-model.hbs
2020-09-24T17:50:46.702Z [warn] WARNING: {{or}} was not converted as it has positional parameters which can't be automatically converted. Source: app/templates/partials/form-field-from-model.hbs
2020-09-24T17:50:46.702Z [warn] WARNING: {{or}} was not converted as it has positional parameters which can't be automatically converted. Source: app/templates/partials/form-field-from-model.hbs
2020-09-24T17:50:46.704Z [warn] WARNING: {{capitalize}} was not converted as it has positional parameters which can't be automatically converted. Source: app/templates/partials/form-field-from-model.hbs
2020-09-24T17:50:46.725Z [warn] WARNING: {{date-format}} was not converted as it has positional parameters which can't be automatically converted. Source: app/templates/vault.hbs
2020-09-24T17:50:46.725Z [warn] WARNING: {{changelog-url-for}} was not converted as it has positional parameters which can't be automatically converted. Source: app/templates/vault.hbs
2020-09-24T17:50:46.816Z [warn] WARNING: {{eq}} was not converted as it has positional parameters which can't be automatically converted. Source: app/templates/partials/transit-form-create.hbs
2020-09-24T17:50:46.816Z [warn] WARNING: {{eq}} was not converted as it has positional parameters which can't be automatically converted. Source: app/templates/partials/transit-form-create.hbs
2020-09-24T17:50:46.816Z [warn] WARNING: {{eq}} was not converted as it has positional parameters which can't be automatically converted. Source: app/templates/partials/transit-form-create.hbs
2020-09-24T17:50:46.816Z [warn] WARNING: {{eq}} was not converted as it has positional parameters which can't be automatically converted. Source: app/templates/partials/transit-form-create.hbs
2020-09-24T17:50:46.816Z [warn] WARNING: {{eq}} was not converted as it has positional parameters which can't be automatically converted. Source: app/templates/partials/transit-form-create.hbs
2020-09-24T17:50:46.816Z [warn] WARNING: {{eq}} was not converted as it has positional parameters which can't be automatically converted. Source: app/templates/partials/transit-form-create.hbs
2020-09-24T17:50:46.816Z [warn] WARNING: {{eq}} was not converted as it has positional parameters which can't be automatically converted. Source: app/templates/partials/transit-form-create.hbs
2020-09-24T17:50:46.816Z [warn] WARNING: {{eq}} was not converted as it has positional parameters which can't be automatically converted. Source: app/templates/partials/transit-form-create.hbs
2020-09-24T17:50:46.817Z [warn] WARNING: {{eq}} was not converted as it has positional parameters which can't be automatically converted. Source: app/templates/partials/transit-form-create.hbs
2020-09-24T17:50:46.817Z [warn] WARNING: {{eq}} was not converted as it has positional parameters which can't be automatically converted. Source: app/templates/partials/transit-form-create.hbs
2020-09-24T17:50:47.023Z [warn] WARNING: {{eq}} was not converted as it has positional parameters which can't be automatically converted. Source: app/templates/partials/transit-form-edit.hbs
2020-09-24T17:50:47.024Z [warn] WARNING: {{eq}} was not converted as it has positional parameters which can't be automatically converted. Source: app/templates/partials/transit-form-edit.hbs
2020-09-24T17:50:47.024Z [warn] WARNING: {{eq}} was not converted as it has positional parameters which can't be automatically converted. Source: app/templates/partials/transit-form-edit.hbs
2020-09-24T17:50:47.210Z [warn] WARNING: {{linked-block}} was not converted as it has positional parameters which can't be automatically converted. Source: app/templates/partials/transit-form-show.hbs
2020-09-24T17:50:47.211Z [warn] WARNING: {{humanize}} was not converted as it has positional parameters which can't be automatically converted. Source: app/templates/partials/transit-form-show.hbs
2020-09-24T17:50:47.211Z [warn] WARNING: {{date-from-now}} was not converted as it has positional parameters which can't be automatically converted. Source: app/templates/partials/transit-form-show.hbs
2020-09-24T17:50:47.211Z [warn] WARNING: {{date-from-now}} was not converted as it has positional parameters which can't be automatically converted. Source: app/templates/partials/transit-form-show.hbs
2020-09-24T17:50:47.276Z [warn] WARNING: {{capitalize}} was not converted as it has positional parameters which can't be automatically converted. Source: app/templates/partials/backend-details.hbs
2020-09-24T17:50:47.084Z [warn] WARNING: {{or}} was not converted as it has positional parameters which can't be automatically converted. Source: app/templates/vault/cluster/policies/index.hbs
2020-09-24T17:50:47.091Z [warn] WARNING: {{uppercase}} was not converted as it has positional parameters which can't be automatically converted. Source: app/templates/vault/cluster/policies/index.hbs
2020-09-24T17:50:47.094Z [warn] WARNING: {{linked-block}} was not converted as it has positional parameters which can't be automatically converted. Source: app/templates/vault/cluster/policies/index.hbs
2020-09-24T17:50:47.098Z [warn] WARNING: {{uppercase}} was not converted as it has positional parameters which can't be automatically converted. Source: app/templates/vault/cluster/policies/index.hbs
2020-09-24T17:50:47.099Z [warn] WARNING: {{uppercase}} was not converted as it has positional parameters which can't be automatically converted. Source: app/templates/vault/cluster/policies/index.hbs
2020-09-24T17:50:47.099Z [warn] WARNING: {{uppercase}} was not converted as it has positional parameters which can't be automatically converted. Source: app/templates/vault/cluster/policies/index.hbs
2020-09-24T17:50:47.202Z [warn] WARNING: {{uppercase}} was not converted as it has positional parameters which can't be automatically converted. Source: app/templates/vault/cluster/policies/create.hbs
2020-09-24T17:50:47.203Z [warn] WARNING: {{uppercase}} was not converted as it has positional parameters which can't be automatically converted. Source: app/templates/vault/cluster/policies/create.hbs
2020-09-24T17:50:47.298Z [warn] WARNING: {{uppercase}} was not converted as it has positional parameters which can't be automatically converted. Source: app/templates/vault/cluster/policy/edit.hbs
2020-09-24T17:50:47.403Z [warn] WARNING: {{uppercase}} was not converted as it has positional parameters which can't be automatically converted. Source: app/templates/vault/cluster/policy/show.hbs
2020-09-24T17:50:47.404Z [warn] WARNING: {{uppercase}} was not converted as it has positional parameters which can't be automatically converted. Source: app/templates/vault/cluster/policy/show.hbs
2020-09-24T17:50:47.480Z [warn] WARNING: {{linked-block}} was not converted as it has positional parameters which can't be automatically converted. Source: app/templates/vault/cluster/secrets/backends.hbs
2020-09-24T17:50:47.480Z [warn] WARNING: {{or}} was not converted as it has positional parameters which can't be automatically converted. Source: app/templates/vault/cluster/secrets/backends.hbs
2020-09-24T17:50:47.485Z [warn] WARNING: {{or}} was not converted as it has positional parameters which can't be automatically converted. Source: app/templates/vault/cluster/secrets/backends.hbs
2020-09-24T17:50:46.843Z [warn] WARNING: {{linked-block}} was not converted as it has positional parameters which can't be automatically converted. Source: app/templates/partials/secret-list/pki-cert-item.hbs
2020-09-24T17:50:46.905Z [warn] WARNING: {{linked-block}} was not converted as it has positional parameters which can't be automatically converted. Source: app/templates/partials/secret-list/ssh-role-item.hbs
2020-09-24T17:50:46.945Z [warn] WARNING: {{linked-block}} was not converted as it has positional parameters which can't be automatically converted. Source: app/templates/partials/secret-list/aws-role-item.hbs
2020-09-24T17:50:47.340Z [warn] WARNING: {{linked-block}} was not converted as it has positional parameters which can't be automatically converted. Source: app/templates/partials/secret-list/pki-role-item.hbs
2020-09-24T17:50:47.513Z [warn] WARNING: {{linked-block}} was not converted as it has positional parameters which can't be automatically converted. Source: app/templates/partials/secret-list/transform-transformation-item.hbs
2020-09-24T17:50:47.595Z [warn] WARNING: {{linked-block}} was not converted as it has positional parameters which can't be automatically converted. Source: app/templates/partials/secret-list/transform-list-item.hbs
2020-09-24T17:51:01.062Z [warn] WARNING: {{lowercase}} was not converted as it has positional parameters which can't be automatically converted. Source: app/templates/vault/cluster/access/identity/aliases/add.hbs
2020-09-24T17:51:03.812Z [warn] WARNING: {{stringify}} was not converted as it has positional parameters which can't be automatically converted. Source: app/templates/components/console/log-json.hbs
2020-09-24T17:51:03.932Z [warn] WARNING: {{pluralize}} was not converted as it has positional parameters which can't be automatically converted. Source: app/templates/components/wizard/init-unseal.hbs
2020-09-24T17:51:04.469Z [warn] WARNING: {{capitalize}} was not converted as it has positional parameters which can't be automatically converted. Source: app/templates/vault/cluster/tools/tool.hbs
2020-09-24T17:51:03.970Z [warn] WARNING: {{pluralize}} was not converted as it has positional parameters which can't be automatically converted. Source: app/templates/components/wizard/init-unseal.hbs
2020-09-24T17:51:03.972Z [warn] WARNING: {{pluralize}} was not converted as it has positional parameters which can't be automatically converted. Source: app/templates/components/wizard/init-unseal.hbs
2020-09-24T17:51:04.464Z [warn] WARNING: {{capitalize}} was not converted as it has positional parameters which can't be automatically converted. Source: app/templates/components/wizard/mounts-wizard.hbs
2020-09-24T17:51:02.260Z [warn] WARNING: {{linked-block}} was not converted as it has positional parameters which can't be automatically converted. Source: app/templates/vault/cluster/access/identity/aliases/index.hbs
2020-09-24T17:51:02.306Z [warn] WARNING: {{pluralize}} was not converted as it has positional parameters which can't be automatically converted. Source: app/templates/vault/cluster/access/identity/aliases/index.hbs
2020-09-24T17:51:02.653Z [warn] WARNING: {{section-tabs}} was not converted as it has positional parameters which can't be automatically converted. Source: app/templates/vault/cluster/settings/auth/configure.hbs
2020-09-24T17:51:03.547Z [warn] WARNING: {{reverse}} was not converted as it has positional parameters which can't be automatically converted. Source: app/templates/vault/cluster/secrets/backend/versions.hbs
2020-09-24T17:51:04.091Z [warn] WARNING: {{humanize}} was not converted as it has positional parameters which can't be automatically converted. Source: app/templates/vault/cluster/secrets/backend/transit-actions-layout.hbs
2020-09-24T17:51:05.003Z [warn] WARNING: {{pluralize}} was not converted as it has positional parameters which can't be automatically converted. Source: app/templates/vault/cluster/access/identity/aliases/show.hbs
2020-09-24T17:51:05.007Z [warn] WARNING: {{capitalize}} was not converted as it has positional parameters which can't be automatically converted. Source: app/templates/vault/cluster/access/identity/aliases/show.hbs
2020-09-24T17:51:05.010Z [warn] WARNING: {{lowercase}} was not converted as it has positional parameters which can't be automatically converted. Source: app/templates/vault/cluster/access/identity/aliases/show.hbs
2020-09-24T17:51:05.077Z [warn] WARNING: {{auth-config-form/options}} was not converted as it has positional parameters which can't be automatically converted. Source: app/templates/vault/cluster/settings/auth/configure/section.hbs
2020-09-24T17:51:05.077Z [warn] WARNING: {{auth-config-form/config}} was not converted as it has positional parameters which can't be automatically converted. Source: app/templates/vault/cluster/settings/auth/configure/section.hbs
2020-09-24T17:51:05.287Z [warn] WARNING: {{and}} was not converted as it has positional parameters which can't be automatically converted. Source: app/templates/components/secret-edit.hbs
2020-09-24T17:51:05.493Z [warn] WARNING: {{capitalize}} was not converted as it has positional parameters which can't be automatically converted. Source: app/templates/vault/cluster/unseal.hbs
2020-09-24T17:51:06.625Z [warn] WARNING: {{or}} was not converted as it has positional parameters which can't be automatically converted. Source: app/templates/components/auth-form.hbs
2020-09-24T17:51:06.742Z [warn] WARNING: {{eq}} was not converted as it has positional parameters which can't be automatically converted. Source: app/templates/components/transit-key-action/export.hbs
2020-09-24T17:51:04.052Z [warn] WARNING: {{multi-line-join}} was not converted as it has positional parameters which can't be automatically converted. Source: app/templates/components/console/log-list.hbs
2020-09-24T17:51:04.725Z [warn] WARNING: {{capitalize}} was not converted as it has positional parameters which can't be automatically converted. Source: app/templates/components/identity/entity-nav.hbs
2020-09-24T17:51:04.743Z [warn] WARNING: {{capitalize}} was not converted as it has positional parameters which can't be automatically converted. Source: app/templates/components/identity/entity-nav.hbs
2020-09-24T17:51:04.750Z [warn] WARNING: {{pluralize}} was not converted as it has positional parameters which can't be automatically converted. Source: app/templates/components/identity/entity-nav.hbs
2020-09-24T17:51:05.268Z [warn] WARNING: {{linked-block}} was not converted as it has positional parameters which can't be automatically converted. Source: app/templates/components/identity/item-aliases.hbs
2020-09-24T17:51:05.716Z [warn] WARNING: {{date-format}} was not converted as it has positional parameters which can't be automatically converted. Source: app/templates/components/identity/item-details.hbs
2020-09-24T17:51:05.720Z [warn] WARNING: {{date-format}} was not converted as it has positional parameters which can't be automatically converted. Source: app/templates/components/identity/item-details.hbs
2020-09-24T17:51:06.024Z [warn] WARNING: {{linked-block}} was not converted as it has positional parameters which can't be automatically converted. Source: app/templates/components/identity/item-groups.hbs
2020-09-24T17:51:06.543Z [warn] WARNING: {{linked-block}} was not converted as it has positional parameters which can't be automatically converted. Source: app/templates/components/identity/item-members.hbs
2020-09-24T17:51:06.547Z [warn] WARNING: {{linked-block}} was not converted as it has positional parameters which can't be automatically converted. Source: app/templates/components/identity/item-members.hbs
2020-09-24T17:51:06.778Z [warn] WARNING: {{lowercase}} was not converted as it has positional parameters which can't be automatically converted. Source: app/templates/components/identity/item-metadata.hbs
2020-09-24T17:51:06.779Z [warn] WARNING: {{lowercase}} was not converted as it has positional parameters which can't be automatically converted. Source: app/templates/components/identity/item-metadata.hbs
2020-09-24T17:51:06.783Z [warn] WARNING: {{lowercase}} was not converted as it has positional parameters which can't be automatically converted. Source: app/templates/components/identity/item-metadata.hbs
2020-09-24T17:51:06.821Z [warn] WARNING: {{linked-block}} was not converted as it has positional parameters which can't be automatically converted. Source: app/templates/components/identity/item-parent-groups.hbs
2020-09-24T17:51:07.025Z [warn] WARNING: {{lowercase}} was not converted as it has positional parameters which can't be automatically converted. Source: app/templates/components/identity/edit-form.hbs
2020-09-24T17:51:07.216Z [warn] WARNING: {{linked-block}} was not converted as it has positional parameters which can't be automatically converted. Source: app/templates/components/identity/item-policies.hbs
2020-09-24T17:51:07.275Z [warn] WARNING: {{eq}} was not converted as it has positional parameters which can't be automatically converted. Source: app/templates/components/identity/lookup-input.hbs
2020-09-24T17:51:07.764Z [warn] WARNING: {{date-from-now}} was not converted as it has positional parameters which can't be automatically converted. Source: app/templates/components/license-info.hbs
2020-09-24T17:51:05.019Z [warn] WARNING: {{date-format}} was not converted as it has positional parameters which can't be automatically converted. Source: app/templates/components/identity/item-alias/alias-details.hbs
2020-09-24T17:51:05.024Z [warn] WARNING: {{date-format}} was not converted as it has positional parameters which can't be automatically converted. Source: app/templates/components/identity/item-alias/alias-details.hbs
2020-09-24T17:51:06.450Z [warn] WARNING: {{linked-block}} was not converted as it has positional parameters which can't be automatically converted. Source: app/templates/vault/cluster/access/identity/index.hbs
2020-09-24T17:51:06.454Z [warn] WARNING: {{pluralize}} was not converted as it has positional parameters which can't be automatically converted. Source: app/templates/vault/cluster/access/identity/index.hbs
2020-09-24T17:51:06.465Z [warn] WARNING: {{pluralize}} was not converted as it has positional parameters which can't be automatically converted. Source: app/templates/vault/cluster/access/identity/index.hbs
2020-09-24T17:51:06.465Z [warn] WARNING: {{pluralize}} was not converted as it has positional parameters which can't be automatically converted. Source: app/templates/vault/cluster/access/identity/index.hbs
2020-09-24T17:51:06.857Z [warn] WARNING: {{capitalize}} was not converted as it has positional parameters which can't be automatically converted. Source: app/templates/vault/cluster/access/identity/show.hbs
2020-09-24T17:51:06.864Z [warn] WARNING: {{capitalize}} was not converted as it has positional parameters which can't be automatically converted. Source: app/templates/vault/cluster/access/identity/show.hbs
2020-09-24T17:51:07.336Z [warn] WARNING: {{date-format}} was not converted as it has positional parameters which can't be automatically converted. Source: app/templates/vault/cluster/access/leases/show.hbs
2020-09-24T17:51:07.339Z [warn] WARNING: {{date-format}} was not converted as it has positional parameters which can't be automatically converted. Source: app/templates/vault/cluster/access/leases/show.hbs
2020-09-24T17:51:07.346Z [warn] WARNING: {{date-format}} was not converted as it has positional parameters which can't be automatically converted. Source: app/templates/vault/cluster/access/leases/show.hbs
2020-09-24T17:51:07.348Z [warn] WARNING: {{date-from-now}} was not converted as it has positional parameters which can't be automatically converted. Source: app/templates/vault/cluster/access/leases/show.hbs
2020-09-24T17:51:07.401Z [warn] WARNING: {{section-tabs}} was not converted as it has positional parameters which can't be automatically converted. Source: app/templates/vault/cluster/access/method/section.hbs
2020-09-24T17:51:07.582Z [warn] WARNING: {{or}} was not converted as it has positional parameters which can't be automatically converted. Source: app/templates/vault/cluster/access/leases/list.hbs
2020-09-24T17:51:08.659Z [warn] WARNING: {{capitalize}} was not converted as it has positional parameters which can't be automatically converted. Source: app/templates/components/wizard-content.hbs
2020-09-24T17:51:06.609Z [warn] WARNING: {{join}} was not converted as it has positional parameters which can't be automatically converted. Source: app/templates/partials/role-aws/form.hbs
2020-09-24T17:51:06.682Z [warn] WARNING: {{join}} was not converted as it has positional parameters which can't be automatically converted. Source: app/templates/partials/role-aws/show.hbs
2020-09-24T17:51:06.683Z [warn] WARNING: {{stringify}} was not converted as it has positional parameters which can't be automatically converted. Source: app/templates/partials/role-aws/show.hbs
2020-09-24T17:51:06.756Z [warn] WARNING: {{eq}} was not converted as it has positional parameters which can't be automatically converted. Source: app/templates/components/transit-key-action/export.hbs
2020-09-24T17:51:07.716Z [warn] WARNING: {{eq}} was not converted as it has positional parameters which can't be automatically converted. Source: app/templates/components/transit-key-action/datakey.hbs
2020-09-24T17:51:07.727Z [warn] WARNING: {{eq}} was not converted as it has positional parameters which can't be automatically converted. Source: app/templates/components/transit-key-action/datakey.hbs
2020-09-24T17:51:08.525Z [warn] WARNING: {{not}} was not converted as it has positional parameters which can't be automatically converted. Source: app/templates/vault/cluster/access/control-groups.hbs
2020-09-24T17:51:07.196Z [warn] WARNING: {{or}} was not converted as it has positional parameters which can't be automatically converted. Source: app/templates/components/secret-list-header.hbs
2020-09-24T17:51:07.208Z [warn] WARNING: {{capitalize}} was not converted as it has positional parameters which can't be automatically converted. Source: app/templates/components/secret-list-header.hbs
2020-09-24T17:51:08.211Z [warn] WARNING: {{linked-block}} was not converted as it has positional parameters which can't be automatically converted. Source: app/templates/components/selectable-card-container.hbs
2020-09-24T17:51:08.724Z [warn] WARNING: {{date-format}} was not converted as it has positional parameters which can't be automatically converted. Source: app/templates/components/token-expire-warning.hbs
2020-09-24T17:51:08.904Z [warn] WARNING: {{or}} was not converted as it has positional parameters which can't be automatically converted. Source: app/templates/components/transform-edit-form.hbs
2020-09-24T17:51:08.963Z [warn] WARNING: {{eq}} was not converted as it has positional parameters which can't be automatically converted. Source: app/templates/vault/cluster/secrets/backend/list.hbs
2020-09-24T17:51:08.970Z [warn] WARNING: {{pluralize}} was not converted as it has positional parameters which can't be automatically converted. Source: app/templates/vault/cluster/secrets/backend/list.hbs
2020-09-24T17:51:08.970Z [warn] WARNING: {{pluralize}} was not converted as it has positional parameters which can't be automatically converted. Source: app/templates/vault/cluster/secrets/backend/list.hbs
2020-09-24T17:51:08.971Z [warn] WARNING: {{pluralize}} was not converted as it has positional parameters which can't be automatically converted. Source: app/templates/vault/cluster/secrets/backend/list.hbs
2020-09-24T17:51:06.645Z [warn] WARNING: {{or}} was not converted as it has positional parameters which can't be automatically converted. Source: app/templates/components/auth-form.hbs
2020-09-24T17:51:07.197Z [warn] WARNING: {{date-from-now}} was not converted as it has positional parameters which can't be automatically converted. Source: app/templates/components/auth-info.hbs
2020-09-24T17:51:07.197Z [warn] WARNING: {{date-format}} was not converted as it has positional parameters which can't be automatically converted. Source: app/templates/components/auth-info.hbs
2020-09-24T17:51:07.346Z [warn] WARNING: {{or}} was not converted as it has positional parameters which can't be automatically converted. Source: app/templates/components/auth-jwt.hbs
2020-09-24T17:51:08.205Z [warn] WARNING: {{stringify}} was not converted as it has positional parameters which can't be automatically converted. Source: app/templates/components/control-group-success.hbs
2020-09-24T17:51:08.205Z [warn] WARNING: {{stringify}} was not converted as it has positional parameters which can't be automatically converted. Source: app/templates/components/control-group-success.hbs
2020-09-24T17:51:08.207Z [warn] WARNING: {{not}} was not converted as it has positional parameters which can't be automatically converted. Source: app/templates/components/control-group-success.hbs
2020-09-24T17:51:08.685Z [warn] WARNING: {{or}} was not converted as it has positional parameters which can't be automatically converted. Source: app/templates/components/file-to-array-buffer.hbs
2020-09-24T17:51:08.686Z [warn] WARNING: {{date-format}} was not converted as it has positional parameters which can't be automatically converted. Source: app/templates/components/file-to-array-buffer.hbs
2020-09-24T17:51:09.039Z [warn] WARNING: {{pluralize}} was not converted as it has positional parameters which can't be automatically converted. Source: app/templates/components/generated-item.hbs
2020-09-24T17:51:09.042Z [warn] WARNING: {{capitalize}} was not converted as it has positional parameters which can't be automatically converted. Source: app/templates/components/generated-item.hbs
2020-09-24T17:51:09.042Z [warn] WARNING: {{singularize}} was not converted as it has positional parameters which can't be automatically converted. Source: app/templates/components/generated-item.hbs
2020-09-24T17:51:09.042Z [warn] WARNING: {{singularize}} was not converted as it has positional parameters which can't be automatically converted. Source: app/templates/components/generated-item.hbs
2020-09-24T17:51:09.394Z [warn] WARNING: {{format-utc}} was not converted as it has positional parameters which can't be automatically converted. Source: app/templates/components/http-requests-table.hbs
2020-09-24T17:51:09.455Z [warn] WARNING: {{queue}} was not converted as it has positional parameters which can't be automatically converted. Source: app/templates/components/transit-key-action/verify.hbs
2020-09-24T17:51:09.346Z [warn] WARNING: {{pluralize}} was not converted as it has positional parameters which can't be automatically converted. Source: app/templates/vault/cluster/init.hbs
2020-09-24T17:51:09.347Z [warn] WARNING: {{add}} was not converted as it has positional parameters which can't be automatically converted. Source: app/templates/vault/cluster/init.hbs
2020-09-24T17:51:07.801Z [warn] WARNING: {{date-format}} was not converted as it has positional parameters which can't be automatically converted. Source: app/templates/components/license-info.hbs
2020-09-24T17:51:07.803Z [warn] WARNING: {{date-format}} was not converted as it has positional parameters which can't be automatically converted. Source: app/templates/components/license-info.hbs
2020-09-24T17:51:08.367Z [warn] WARNING: {{eq}} was not converted as it has positional parameters which can't be automatically converted. Source: app/templates/components/mount-accessor-select.hbs
2020-09-24T17:51:08.465Z [warn] WARNING: {{capitalize}} was not converted as it has positional parameters which can't be automatically converted. Source: app/templates/components/mount-info.hbs
2020-09-24T17:51:08.468Z [warn] WARNING: {{section-tabs}} was not converted as it has positional parameters which can't be automatically converted. Source: app/templates/components/mount-info.hbs
2020-09-24T17:51:09.003Z [warn] WARNING: {{or}} was not converted as it has positional parameters which can't be automatically converted. Source: app/templates/components/namespace-picker.hbs
2020-09-24T17:51:09.005Z [warn] WARNING: {{or}} was not converted as it has positional parameters which can't be automatically converted. Source: app/templates/components/namespace-picker.hbs
2020-09-24T17:51:09.080Z [warn] WARNING: {{or}} was not converted as it has positional parameters which can't be automatically converted. Source: app/templates/components/not-found.hbs
2020-09-24T17:51:09.292Z [warn] WARNING: {{compute}} was not converted as it has positional parameters which can't be automatically converted. Source: app/templates/components/raft-join.hbs
2020-09-24T17:51:09.378Z [warn] WARNING: {{queue}} was not converted as it has positional parameters which can't be automatically converted. Source: app/templates/components/raft-storage-overview.hbs
2020-09-24T17:51:09.378Z [warn] WARNING: {{queue}} was not converted as it has positional parameters which can't be automatically converted. Source: app/templates/components/raft-storage-overview.hbs
2020-09-24T17:51:09.516Z [warn] WARNING: {{or}} was not converted as it has positional parameters which can't be automatically converted. Source: app/templates/components/mount-backend-form.hbs
2020-09-24T17:51:09.518Z [warn] WARNING: {{capitalize}} was not converted as it has positional parameters which can't be automatically converted. Source: app/templates/components/mount-backend-form.hbs
2020-09-24T17:51:09.518Z [warn] WARNING: {{or}} was not converted as it has positional parameters which can't be automatically converted. Source: app/templates/components/mount-backend-form.hbs
2020-09-24T17:51:09.518Z [warn] WARNING: {{queue}} was not converted as it has positional parameters which can't be automatically converted. Source: app/templates/components/mount-backend-form.hbs
2020-09-24T17:51:09.519Z [warn] WARNING: {{not}} was not converted as it has positional parameters which can't be automatically converted. Source: app/templates/components/mount-backend-form.hbs
2020-09-24T18:12:46.637Z [warn] WARNING: {{capitalize}} was not converted as it has positional parameters which can't be automatically converted. Source: app/templates/components/wizard-content.hbs
2020-09-24T18:12:48.022Z [warn] WARNING: {{uppercase}} was not converted as it has positional parameters which can't be automatically converted. Source: app/templates/vault/cluster/policies/create.hbs
2020-09-24T18:12:49.287Z [warn] WARNING: {{eq}} was not converted as it has positional parameters which can't be automatically converted. Source: app/templates/components/transit-key-action/datakey.hbs
2020-09-24T18:12:50.290Z [warn] WARNING: {{or}} was not converted as it has positional parameters which can't be automatically converted. Source: app/templates/components/secret-list-header.hbs
2020-09-24T18:12:49.135Z [warn] WARNING: {{pluralize}} was not converted as it has positional parameters which can't be automatically converted. Source: app/templates/vault/cluster/init.hbs
2020-09-24T18:12:49.216Z [warn] WARNING: {{add}} was not converted as it has positional parameters which can't be automatically converted. Source: app/templates/vault/cluster/init.hbs
2020-09-24T18:13:00.211Z [warn] WARNING: {{date-format}} was not converted as it has positional parameters which can't be automatically converted. Source: app/templates/vault.hbs
2020-09-24T18:12:48.092Z [warn] WARNING: {{uppercase}} was not converted as it has positional parameters which can't be automatically converted. Source: app/templates/vault/cluster/policies/create.hbs
2020-09-24T18:12:51.274Z [warn] WARNING: {{uppercase}} was not converted as it has positional parameters which can't be automatically converted. Source: app/templates/vault/cluster/policies/index.hbs
2020-09-24T18:12:51.627Z [warn] WARNING: {{or}} was not converted as it has positional parameters which can't be automatically converted. Source: app/templates/vault/cluster/policies/index.hbs
2020-09-24T18:12:51.697Z [warn] WARNING: {{uppercase}} was not converted as it has positional parameters which can't be automatically converted. Source: app/templates/vault/cluster/policies/index.hbs
2020-09-24T18:12:51.743Z [warn] WARNING: {{linked-block}} was not converted as it has positional parameters which can't be automatically converted. Source: app/templates/vault/cluster/policies/index.hbs
2020-09-24T18:12:51.936Z [warn] WARNING: {{uppercase}} was not converted as it has positional parameters which can't be automatically converted. Source: app/templates/vault/cluster/policies/index.hbs
2020-09-24T18:12:51.937Z [warn] WARNING: {{uppercase}} was not converted as it has positional parameters which can't be automatically converted. Source: app/templates/vault/cluster/policies/index.hbs
2020-09-24T18:12:51.949Z [warn] WARNING: {{uppercase}} was not converted as it has positional parameters which can't be automatically converted. Source: app/templates/vault/cluster/policies/index.hbs
2020-09-24T18:12:55.714Z [warn] WARNING: {{uppercase}} was not converted as it has positional parameters which can't be automatically converted. Source: app/templates/vault/cluster/policy/edit.hbs
2020-09-24T18:12:58.888Z [warn] WARNING: {{uppercase}} was not converted as it has positional parameters which can't be automatically converted. Source: app/templates/vault/cluster/policy/show.hbs
2020-09-24T18:12:58.970Z [warn] WARNING: {{uppercase}} was not converted as it has positional parameters which can't be automatically converted. Source: app/templates/vault/cluster/policy/show.hbs
2020-09-24T18:13:02.014Z [warn] WARNING: {{linked-block}} was not converted as it has positional parameters which can't be automatically converted. Source: app/templates/vault/cluster/secrets/backends.hbs
2020-09-24T18:13:02.087Z [warn] WARNING: {{or}} was not converted as it has positional parameters which can't be automatically converted. Source: app/templates/vault/cluster/secrets/backends.hbs
2020-09-24T18:13:02.179Z [warn] WARNING: {{or}} was not converted as it has positional parameters which can't be automatically converted. Source: app/templates/vault/cluster/secrets/backends.hbs
2020-09-24T18:13:04.472Z [warn] WARNING: {{or}} was not converted as it has positional parameters which can't be automatically converted. Source: app/templates/components/auth-form.hbs
2020-09-24T18:13:04.530Z [warn] WARNING: {{capitalize}} was not converted as it has positional parameters which can't be automatically converted. Source: app/templates/vault/cluster/tools/tool.hbs
2020-09-24T18:13:04.826Z [warn] WARNING: {{stringify}} was not converted as it has positional parameters which can't be automatically converted. Source: app/templates/components/console/log-json.hbs
2020-09-24T18:13:04.944Z [warn] WARNING: {{linked-block}} was not converted as it has positional parameters which can't be automatically converted. Source: app/templates/partials/secret-list/ssh-role-item.hbs
2020-09-24T18:13:05.035Z [warn] WARNING: {{join}} was not converted as it has positional parameters which can't be automatically converted. Source: app/templates/partials/role-aws/show.hbs
2020-09-24T18:13:05.673Z [warn] WARNING: {{pluralize}} was not converted as it has positional parameters which can't be automatically converted. Source: app/templates/components/wizard/init-unseal.hbs
2020-09-24T18:13:05.857Z [warn] WARNING: {{pluralize}} was not converted as it has positional parameters which can't be automatically converted. Source: app/templates/components/wizard/init-unseal.hbs
2020-09-24T18:13:05.870Z [warn] WARNING: {{pluralize}} was not converted as it has positional parameters which can't be automatically converted. Source: app/templates/components/wizard/init-unseal.hbs
2020-09-24T18:13:06.381Z [warn] WARNING: {{capitalize}} was not converted as it has positional parameters which can't be automatically converted. Source: app/templates/components/wizard/mounts-wizard.hbs
2020-09-24T18:13:07.516Z [warn] WARNING: {{humanize}} was not converted as it has positional parameters which can't be automatically converted. Source: app/templates/vault/cluster/secrets/backend/transit-actions-layout.hbs
2020-09-24T18:13:07.660Z [warn] WARNING: {{date-from-now}} was not converted as it has positional parameters which can't be automatically converted. Source: app/templates/components/license-info.hbs
2020-09-24T18:12:49.490Z [warn] WARNING: {{eq}} was not converted as it has positional parameters which can't be automatically converted. Source: app/templates/components/transit-key-action/datakey.hbs
2020-09-24T18:13:00.209Z [warn] WARNING: {{eq}} was not converted as it has positional parameters which can't be automatically converted. Source: app/templates/components/transit-key-action/export.hbs
2020-09-24T18:13:00.279Z [warn] WARNING: {{eq}} was not converted as it has positional parameters which can't be automatically converted. Source: app/templates/components/transit-key-action/export.hbs
2020-09-24T18:13:05.299Z [warn] WARNING: {{not}} was not converted as it has positional parameters which can't be automatically converted. Source: app/templates/vault/cluster/access/control-groups.hbs
2020-09-24T18:12:50.673Z [warn] WARNING: {{capitalize}} was not converted as it has positional parameters which can't be automatically converted. Source: app/templates/components/secret-list-header.hbs
2020-09-24T18:12:58.435Z [warn] WARNING: {{and}} was not converted as it has positional parameters which can't be automatically converted. Source: app/templates/components/secret-edit.hbs
2020-09-24T18:13:01.333Z [warn] WARNING: {{linked-block}} was not converted as it has positional parameters which can't be automatically converted. Source: app/templates/components/selectable-card-container.hbs
2020-09-24T18:13:07.468Z [warn] WARNING: {{date-format}} was not converted as it has positional parameters which can't be automatically converted. Source: app/templates/components/token-expire-warning.hbs
2020-09-24T18:13:08.110Z [warn] WARNING: {{or}} was not converted as it has positional parameters which can't be automatically converted. Source: app/templates/components/transform-edit-form.hbs
2020-09-24T18:13:08.395Z [warn] WARNING: {{queue}} was not converted as it has positional parameters which can't be automatically converted. Source: app/templates/components/transit-key-action/verify.hbs
2020-09-24T18:13:05.386Z [warn] WARNING: {{multi-line-join}} was not converted as it has positional parameters which can't be automatically converted. Source: app/templates/components/console/log-list.hbs
2020-09-24T18:13:06.461Z [warn] WARNING: {{lowercase}} was not converted as it has positional parameters which can't be automatically converted. Source: app/templates/components/identity/edit-form.hbs
2020-09-24T18:13:07.351Z [warn] WARNING: {{capitalize}} was not converted as it has positional parameters which can't be automatically converted. Source: app/templates/components/identity/entity-nav.hbs
2020-09-24T18:13:07.358Z [warn] WARNING: {{capitalize}} was not converted as it has positional parameters which can't be automatically converted. Source: app/templates/components/identity/entity-nav.hbs
2020-09-24T18:13:07.363Z [warn] WARNING: {{pluralize}} was not converted as it has positional parameters which can't be automatically converted. Source: app/templates/components/identity/entity-nav.hbs
2020-09-24T18:13:07.689Z [warn] WARNING: {{linked-block}} was not converted as it has positional parameters which can't be automatically converted. Source: app/templates/components/identity/item-aliases.hbs
2020-09-24T18:13:07.945Z [warn] WARNING: {{linked-block}} was not converted as it has positional parameters which can't be automatically converted. Source: app/templates/components/identity/item-members.hbs
2020-09-24T18:13:07.947Z [warn] WARNING: {{linked-block}} was not converted as it has positional parameters which can't be automatically converted. Source: app/templates/components/identity/item-members.hbs
2020-09-24T18:13:07.985Z [warn] WARNING: {{linked-block}} was not converted as it has positional parameters which can't be automatically converted. Source: app/templates/components/identity/item-groups.hbs
2020-09-24T18:13:08.034Z [warn] WARNING: {{date-format}} was not converted as it has positional parameters which can't be automatically converted. Source: app/templates/components/identity/item-details.hbs
2020-09-24T18:13:08.035Z [warn] WARNING: {{date-format}} was not converted as it has positional parameters which can't be automatically converted. Source: app/templates/components/identity/item-details.hbs
2020-09-24T18:13:08.216Z [warn] WARNING: {{lowercase}} was not converted as it has positional parameters which can't be automatically converted. Source: app/templates/components/identity/item-metadata.hbs
2020-09-24T18:13:08.216Z [warn] WARNING: {{lowercase}} was not converted as it has positional parameters which can't be automatically converted. Source: app/templates/components/identity/item-metadata.hbs
2020-09-24T18:13:08.217Z [warn] WARNING: {{lowercase}} was not converted as it has positional parameters which can't be automatically converted. Source: app/templates/components/identity/item-metadata.hbs
2020-09-24T18:13:08.261Z [warn] WARNING: {{linked-block}} was not converted as it has positional parameters which can't be automatically converted. Source: app/templates/components/identity/item-policies.hbs
2020-09-24T18:13:08.358Z [warn] WARNING: {{linked-block}} was not converted as it has positional parameters which can't be automatically converted. Source: app/templates/components/identity/item-parent-groups.hbs
2020-09-24T18:13:08.435Z [warn] WARNING: {{eq}} was not converted as it has positional parameters which can't be automatically converted. Source: app/templates/components/identity/lookup-input.hbs
2020-09-24T18:13:07.973Z [warn] WARNING: {{reverse}} was not converted as it has positional parameters which can't be automatically converted. Source: app/templates/vault/cluster/secrets/backend/versions.hbs
2020-09-24T18:13:07.993Z [warn] WARNING: {{section-tabs}} was not converted as it has positional parameters which can't be automatically converted. Source: app/templates/vault/cluster/settings/auth/configure.hbs
2020-09-24T18:13:08.350Z [warn] WARNING: {{lowercase}} was not converted as it has positional parameters which can't be automatically converted. Source: app/templates/vault/cluster/access/identity/aliases/add.hbs
2020-09-24T18:13:08.473Z [warn] WARNING: {{linked-block}} was not converted as it has positional parameters which can't be automatically converted. Source: app/templates/vault/cluster/access/identity/aliases/index.hbs
2020-09-24T18:13:08.476Z [warn] WARNING: {{pluralize}} was not converted as it has positional parameters which can't be automatically converted. Source: app/templates/vault/cluster/access/identity/aliases/index.hbs
2020-09-24T18:13:08.525Z [warn] WARNING: {{pluralize}} was not converted as it has positional parameters which can't be automatically converted. Source: app/templates/vault/cluster/access/identity/aliases/show.hbs
2020-09-24T18:13:08.529Z [warn] WARNING: {{capitalize}} was not converted as it has positional parameters which can't be automatically converted. Source: app/templates/vault/cluster/access/identity/aliases/show.hbs
2020-09-24T18:13:08.529Z [warn] WARNING: {{lowercase}} was not converted as it has positional parameters which can't be automatically converted. Source: app/templates/vault/cluster/access/identity/aliases/show.hbs
2020-09-24T18:13:08.557Z [warn] WARNING: {{auth-config-form/options}} was not converted as it has positional parameters which can't be automatically converted. Source: app/templates/vault/cluster/settings/auth/configure/section.hbs
2020-09-24T18:13:08.557Z [warn] WARNING: {{auth-config-form/config}} was not converted as it has positional parameters which can't be automatically converted. Source: app/templates/vault/cluster/settings/auth/configure/section.hbs
2020-09-24T18:13:05.207Z [warn] WARNING: {{stringify}} was not converted as it has positional parameters which can't be automatically converted. Source: app/templates/partials/role-aws/show.hbs
2020-09-24T18:13:07.900Z [warn] WARNING: {{join}} was not converted as it has positional parameters which can't be automatically converted. Source: app/templates/partials/role-aws/form.hbs
2020-09-24T18:13:08.358Z [warn] WARNING: {{capitalize}} was not converted as it has positional parameters which can't be automatically converted. Source: app/templates/vault/cluster/unseal.hbs
2020-09-24T18:13:08.475Z [warn] WARNING: {{linked-block}} was not converted as it has positional parameters which can't be automatically converted. Source: app/templates/partials/secret-list/pki-cert-item.hbs
2020-09-24T18:13:08.497Z [warn] WARNING: {{linked-block}} was not converted as it has positional parameters which can't be automatically converted. Source: app/templates/partials/secret-list/aws-role-item.hbs
2020-09-24T18:13:08.521Z [warn] WARNING: {{linked-block}} was not converted as it has positional parameters which can't be automatically converted. Source: app/templates/partials/secret-list/pki-role-item.hbs
2020-09-24T18:13:08.649Z [warn] WARNING: {{linked-block}} was not converted as it has positional parameters which can't be automatically converted. Source: app/templates/partials/secret-list/item.hbs
2020-09-24T18:13:06.274Z [warn] WARNING: {{date-format}} was not converted as it has positional parameters which can't be automatically converted. Source: app/templates/components/identity/item-alias/alias-details.hbs
2020-09-24T18:13:06.299Z [warn] WARNING: {{date-format}} was not converted as it has positional parameters which can't be automatically converted. Source: app/templates/components/identity/item-alias/alias-details.hbs
2020-09-24T18:13:07.974Z [warn] WARNING: {{linked-block}} was not converted as it has positional parameters which can't be automatically converted. Source: app/templates/vault/cluster/access/identity/index.hbs
2020-09-24T18:13:07.977Z [warn] WARNING: {{pluralize}} was not converted as it has positional parameters which can't be automatically converted. Source: app/templates/vault/cluster/access/identity/index.hbs
2020-09-24T18:13:08.060Z [warn] WARNING: {{pluralize}} was not converted as it has positional parameters which can't be automatically converted. Source: app/templates/vault/cluster/access/identity/index.hbs
2020-09-24T18:13:08.060Z [warn] WARNING: {{pluralize}} was not converted as it has positional parameters which can't be automatically converted. Source: app/templates/vault/cluster/access/identity/index.hbs
2020-09-24T18:13:08.180Z [warn] WARNING: {{capitalize}} was not converted as it has positional parameters which can't be automatically converted. Source: app/templates/vault/cluster/access/identity/show.hbs
2020-09-24T18:13:08.183Z [warn] WARNING: {{capitalize}} was not converted as it has positional parameters which can't be automatically converted. Source: app/templates/vault/cluster/access/identity/show.hbs
2020-09-24T18:13:08.264Z [warn] WARNING: {{section-tabs}} was not converted as it has positional parameters which can't be automatically converted. Source: app/templates/vault/cluster/access/method/section.hbs
2020-09-24T18:13:08.358Z [warn] WARNING: {{date-format}} was not converted as it has positional parameters which can't be automatically converted. Source: app/templates/vault/cluster/access/leases/show.hbs
2020-09-24T18:13:08.359Z [warn] WARNING: {{date-format}} was not converted as it has positional parameters which can't be automatically converted. Source: app/templates/vault/cluster/access/leases/show.hbs
2020-09-24T18:13:08.363Z [warn] WARNING: {{date-format}} was not converted as it has positional parameters which can't be automatically converted. Source: app/templates/vault/cluster/access/leases/show.hbs
2020-09-24T18:13:08.364Z [warn] WARNING: {{date-from-now}} was not converted as it has positional parameters which can't be automatically converted. Source: app/templates/vault/cluster/access/leases/show.hbs
2020-09-24T18:13:08.469Z [warn] WARNING: {{or}} was not converted as it has positional parameters which can't be automatically converted. Source: app/templates/vault/cluster/access/leases/list.hbs
2020-09-24T18:13:08.833Z [warn] WARNING: {{eq}} was not converted as it has positional parameters which can't be automatically converted. Source: app/templates/vault/cluster/secrets/backend/list.hbs
2020-09-24T18:13:08.835Z [warn] WARNING: {{pluralize}} was not converted as it has positional parameters which can't be automatically converted. Source: app/templates/vault/cluster/secrets/backend/list.hbs
2020-09-24T18:13:08.835Z [warn] WARNING: {{pluralize}} was not converted as it has positional parameters which can't be automatically converted. Source: app/templates/vault/cluster/secrets/backend/list.hbs
2020-09-24T18:13:08.836Z [warn] WARNING: {{pluralize}} was not converted as it has positional parameters which can't be automatically converted. Source: app/templates/vault/cluster/secrets/backend/list.hbs
2020-09-24T18:13:07.672Z [warn] WARNING: {{date-format}} was not converted as it has positional parameters which can't be automatically converted. Source: app/templates/components/license-info.hbs
2020-09-24T18:13:07.673Z [warn] WARNING: {{date-format}} was not converted as it has positional parameters which can't be automatically converted. Source: app/templates/components/license-info.hbs
2020-09-24T18:13:07.969Z [warn] WARNING: {{eq}} was not converted as it has positional parameters which can't be automatically converted. Source: app/templates/components/mount-accessor-select.hbs
2020-09-24T18:13:07.997Z [warn] WARNING: {{capitalize}} was not converted as it has positional parameters which can't be automatically converted. Source: app/templates/components/mount-info.hbs
2020-09-24T18:13:07.999Z [warn] WARNING: {{section-tabs}} was not converted as it has positional parameters which can't be automatically converted. Source: app/templates/components/mount-info.hbs
2020-09-24T18:13:08.259Z [warn] WARNING: {{or}} was not converted as it has positional parameters which can't be automatically converted. Source: app/templates/components/mount-backend-form.hbs
2020-09-24T18:13:08.262Z [warn] WARNING: {{capitalize}} was not converted as it has positional parameters which can't be automatically converted. Source: app/templates/components/mount-backend-form.hbs
2020-09-24T18:13:08.262Z [warn] WARNING: {{or}} was not converted as it has positional parameters which can't be automatically converted. Source: app/templates/components/mount-backend-form.hbs
2020-09-24T18:13:08.262Z [warn] WARNING: {{queue}} was not converted as it has positional parameters which can't be automatically converted. Source: app/templates/components/mount-backend-form.hbs
2020-09-24T18:13:08.263Z [warn] WARNING: {{not}} was not converted as it has positional parameters which can't be automatically converted. Source: app/templates/components/mount-backend-form.hbs
2020-09-24T18:13:08.507Z [warn] WARNING: {{or}} was not converted as it has positional parameters which can't be automatically converted. Source: app/templates/components/namespace-picker.hbs
2020-09-24T18:13:08.508Z [warn] WARNING: {{or}} was not converted as it has positional parameters which can't be automatically converted. Source: app/templates/components/namespace-picker.hbs
2020-09-24T18:13:08.557Z [warn] WARNING: {{or}} was not converted as it has positional parameters which can't be automatically converted. Source: app/templates/components/not-found.hbs
2020-09-24T18:13:08.831Z [warn] WARNING: {{queue}} was not converted as it has positional parameters which can't be automatically converted. Source: app/templates/components/raft-storage-overview.hbs
2020-09-24T18:13:08.832Z [warn] WARNING: {{queue}} was not converted as it has positional parameters which can't be automatically converted. Source: app/templates/components/raft-storage-overview.hbs
2020-09-24T18:13:08.860Z [warn] WARNING: {{compute}} was not converted as it has positional parameters which can't be automatically converted. Source: app/templates/components/raft-join.hbs
2020-09-24T18:13:00.353Z [warn] WARNING: {{changelog-url-for}} was not converted as it has positional parameters which can't be automatically converted. Source: app/templates/vault.hbs
2020-09-24T18:13:08.159Z [warn] WARNING: {{capitalize}} was not converted as it has positional parameters which can't be automatically converted. Source: app/templates/partials/backend-details.hbs
2020-09-24T18:13:08.511Z [warn] WARNING: {{capitalize}} was not converted as it has positional parameters which can't be automatically converted. Source: app/templates/partials/form-field-from-model.hbs
2020-09-24T18:13:08.512Z [warn] WARNING: {{eq}} was not converted as it has positional parameters which can't be automatically converted. Source: app/templates/partials/form-field-from-model.hbs
2020-09-24T18:13:08.512Z [warn] WARNING: {{or}} was not converted as it has positional parameters which can't be automatically converted. Source: app/templates/partials/form-field-from-model.hbs
2020-09-24T18:13:08.512Z [warn] WARNING: {{or}} was not converted as it has positional parameters which can't be automatically converted. Source: app/templates/partials/form-field-from-model.hbs
2020-09-24T18:13:08.512Z [warn] WARNING: {{or}} was not converted as it has positional parameters which can't be automatically converted. Source: app/templates/partials/form-field-from-model.hbs
2020-09-24T18:13:08.514Z [warn] WARNING: {{capitalize}} was not converted as it has positional parameters which can't be automatically converted. Source: app/templates/partials/form-field-from-model.hbs
2020-09-24T18:13:08.710Z [warn] WARNING: {{eq}} was not converted as it has positional parameters which can't be automatically converted. Source: app/templates/partials/transit-form-create.hbs
2020-09-24T18:13:08.710Z [warn] WARNING: {{eq}} was not converted as it has positional parameters which can't be automatically converted. Source: app/templates/partials/transit-form-create.hbs
2020-09-24T18:13:08.710Z [warn] WARNING: {{eq}} was not converted as it has positional parameters which can't be automatically converted. Source: app/templates/partials/transit-form-create.hbs
2020-09-24T18:13:08.710Z [warn] WARNING: {{eq}} was not converted as it has positional parameters which can't be automatically converted. Source: app/templates/partials/transit-form-create.hbs
2020-09-24T18:13:08.710Z [warn] WARNING: {{eq}} was not converted as it has positional parameters which can't be automatically converted. Source: app/templates/partials/transit-form-create.hbs
2020-09-24T18:13:08.710Z [warn] WARNING: {{eq}} was not converted as it has positional parameters which can't be automatically converted. Source: app/templates/partials/transit-form-create.hbs
2020-09-24T18:13:08.710Z [warn] WARNING: {{eq}} was not converted as it has positional parameters which can't be automatically converted. Source: app/templates/partials/transit-form-create.hbs
2020-09-24T18:13:08.711Z [warn] WARNING: {{eq}} was not converted as it has positional parameters which can't be automatically converted. Source: app/templates/partials/transit-form-create.hbs
2020-09-24T18:13:08.711Z [warn] WARNING: {{eq}} was not converted as it has positional parameters which can't be automatically converted. Source: app/templates/partials/transit-form-create.hbs
2020-09-24T18:13:08.711Z [warn] WARNING: {{eq}} was not converted as it has positional parameters which can't be automatically converted. Source: app/templates/partials/transit-form-create.hbs
2020-09-24T18:13:08.778Z [warn] WARNING: {{eq}} was not converted as it has positional parameters which can't be automatically converted. Source: app/templates/partials/transit-form-edit.hbs
2020-09-24T18:13:08.778Z [warn] WARNING: {{eq}} was not converted as it has positional parameters which can't be automatically converted. Source: app/templates/partials/transit-form-edit.hbs
2020-09-24T18:13:08.779Z [warn] WARNING: {{eq}} was not converted as it has positional parameters which can't be automatically converted. Source: app/templates/partials/transit-form-edit.hbs
2020-09-24T18:13:08.905Z [warn] WARNING: {{linked-block}} was not converted as it has positional parameters which can't be automatically converted. Source: app/templates/partials/transit-form-show.hbs
2020-09-24T18:13:08.906Z [warn] WARNING: {{humanize}} was not converted as it has positional parameters which can't be automatically converted. Source: app/templates/partials/transit-form-show.hbs
2020-09-24T18:13:08.906Z [warn] WARNING: {{date-from-now}} was not converted as it has positional parameters which can't be automatically converted. Source: app/templates/partials/transit-form-show.hbs
2020-09-24T18:13:08.907Z [warn] WARNING: {{date-from-now}} was not converted as it has positional parameters which can't be automatically converted. Source: app/templates/partials/transit-form-show.hbs
2020-09-24T18:13:06.945Z [warn] WARNING: {{linked-block}} was not converted as it has positional parameters which can't be automatically converted. Source: app/templates/partials/secret-list/transform-transformation-item.hbs
2020-09-24T18:13:08.740Z [warn] WARNING: {{linked-block}} was not converted as it has positional parameters which can't be automatically converted. Source: app/templates/partials/secret-list/transform-list-item.hbs
2020-09-24T18:13:04.834Z [warn] WARNING: {{or}} was not converted as it has positional parameters which can't be automatically converted. Source: app/templates/components/auth-form.hbs
2020-09-24T18:13:06.557Z [warn] WARNING: {{date-from-now}} was not converted as it has positional parameters which can't be automatically converted. Source: app/templates/components/auth-info.hbs
2020-09-24T18:13:06.643Z [warn] WARNING: {{date-format}} was not converted as it has positional parameters which can't be automatically converted. Source: app/templates/components/auth-info.hbs
2020-09-24T18:13:07.356Z [warn] WARNING: {{or}} was not converted as it has positional parameters which can't be automatically converted. Source: app/templates/components/auth-jwt.hbs
2020-09-24T18:13:08.292Z [warn] WARNING: {{stringify}} was not converted as it has positional parameters which can't be automatically converted. Source: app/templates/components/control-group-success.hbs
2020-09-24T18:13:08.293Z [warn] WARNING: {{stringify}} was not converted as it has positional parameters which can't be automatically converted. Source: app/templates/components/control-group-success.hbs
2020-09-24T18:13:08.294Z [warn] WARNING: {{not}} was not converted as it has positional parameters which can't be automatically converted. Source: app/templates/components/control-group-success.hbs
2020-09-24T18:13:08.388Z [warn] WARNING: {{or}} was not converted as it has positional parameters which can't be automatically converted. Source: app/templates/components/file-to-array-buffer.hbs
2020-09-24T18:13:08.389Z [warn] WARNING: {{date-format}} was not converted as it has positional parameters which can't be automatically converted. Source: app/templates/components/file-to-array-buffer.hbs
2020-09-24T18:13:08.823Z [warn] WARNING: {{pluralize}} was not converted as it has positional parameters which can't be automatically converted. Source: app/templates/components/generated-item.hbs
2020-09-24T18:13:08.823Z [warn] WARNING: {{capitalize}} was not converted as it has positional parameters which can't be automatically converted. Source: app/templates/components/generated-item.hbs
2020-09-24T18:13:08.823Z [warn] WARNING: {{singularize}} was not converted as it has positional parameters which can't be automatically converted. Source: app/templates/components/generated-item.hbs
2020-09-24T18:13:08.824Z [warn] WARNING: {{singularize}} was not converted as it has positional parameters which can't be automatically converted. Source: app/templates/components/generated-item.hbs
2020-09-24T18:13:08.875Z [warn] WARNING: {{format-utc}} was not converted as it has positional parameters which can't be automatically converted. Source: app/templates/components/http-requests-table.hbs
